1
2
3
4
5
6
7
8
9
10
11
12
13
14
0.9526
0.0373
0.0759
0.9669
0.0059
0.0421
0.1192
0.1824
0.9707
0.2018
0.0534
0.0953
0.1824
0.9325
0.0022
0.1067
0.0041
0.974
0.9627
0.9466
0.1067
0.9466
0.0851
0.0601
0.3208
0.9669
0.026
0.0474
0.133
0.2689
0.0601
0.9526
0.026
0.1645
0.1067
0.1645
0.2018
0.9466
0.1824
0.1192
0.148
0.133
0.2451
0.9669
0.0373
0.0675
0.0759
0.0601
0.2689
0.2689
0.4378
0.2227
0.0601
0.9047
0.9526
0.1192
0.0036
0.1067
0.0421
0.1824
0.1824
0.0851
0.1824
0.0474
0.2451
0.0059
0.2689
0.3208
0.0421
0.2942
0.1645
0.2451
0.148
0.3775
0.1645
0.2689
0.3775
0.148
0.9241
0.1824
0.0141
0.977
0.148
0.0086
0.3775
0.0141
0.3208
0.2451
0.2018
0.2227
0.1645
0.2689
0.1824
0.0421
0.0076
0.3208
0.4073
0.0534
0.3775
0.2942
0.0124
0.0675
0.3208
0.133
0.1192
0.0293
0.1645
0.2018
0.2451
0.0293
0.0534
0.2018
0.2451
0.0373
0.9466
0.3775
0.148
0.1824
0.2689
0.1067
0.9669
0.0675
0.9526
0.0052
0.148
0.0124
0.0601
0.0036
0.0953
0.2227
0.2942
0.1824
0.3486
0.133
0.4073
0.9466
0.2451
0.1192
0.9627
0.0601
0.1645
0.0534
0.1824
0.148
0.0331
0.0041
0.0019
0.026
0.0534
0.0953
0.2018
0.0097
0.2689
0.2018
0.3775
0.4378
0.0373
0.0534
0.2018
0.2689
0.2018
0.0534
0.133
0.1824
0.1645
0.1067
0.2942
0.2451
0.2227
0.2689
0.2227
0.148
0.148
0.1645
0.3486
0.0675
0.0534
0.2018
0.0373
0.0851
0.9526
0.1824
0.3486
0.148
0.3486
0.9707
0.2942
0.2942
0.0675
0.148
0.0076
0.4073
0.2227
0.2451
0.026
0.2018
0.2018
0.0851
0.148
0.3775
0.1192
0.3208
0.133
0.0159
0.148
0.9466
0.1067
0.2018
0.0851
0.0953
0.1645
0.0851
0.1645
0.1645
0.3208
0.0851
0.2227
0.1067
0.2018
0.2451
0.0601
0.977
0.3486
0.2689
0.0759
0.2689
0.1192
0.2018
0.9399
0.0601
0.1824
0.9579
0.1192
0.2227
0.0851
0.2689
0.2227
0.148
0.3775
0.2942
0.1192
0.2689
0.0601
0.9627
0.2451
0.2451
0.4073
0.1645
0.1192
0.023
0.148
0.974
0.2942
0.1067
0.2942
0.0474
0.2018
0.0675
0.133
0.0851
0.3775
0.9579
0.0851
0.148
0.2227
0.3486
0.0086
0.1192
0.1824
0.9466
0.0675
0.9399
0.1645
0.0203
0.2451
0.3208
0.1824
0.0474
0.0086
0.026
0.974
0.0331
0.2451
0.0953
0.0675
0.4073
0.1645
0.3486
0.148
0.1645
0.2451
0.1645
0.1192
0.2018
0.2689
0.0601
0.0953
0.0059
0.2689
0.9797
0.0059
0.2689
0.2689
0.2689
0.2942
0.0293
0.148
0.0474
0.2227
0.0124
0.1645
0.9627
0.133
0.2942
0.0851
0.9399
0.2689
0.0421
0.2689
0.3775
0.0675
0.133
0.2689
0.1192
0.3486
0.0759
0.1067
0.9241
0.0675
0.133
0.9325
0.2451
0.0331
0.1645
0.0953
0.0601
0.2227
0.1824
0.3486
0.2227
0.2018
0.0953
0.1645
0.1645
0.2018
0.0019
0.1645
0.0331
0.0076
0.2227
0.0036
0.3208
0.2018
0.1192
0.2942
0.2942
0.148
0.9399
0.133
0.1192
0.0041
0.0028
0.0067
0.2942
0.0534
0.2942
0.2689
0.1645
0.0675
0.0097
0.3486
0.2018
0.1192
0.133
0.1645
0.1192
0.1192
0.0331
0.0293
0.1192
0.9579
0.0203
0.1645
0.148
0.023
0.9579
0.1645
0.0086
0.0373
0.0331
0.133
0.0534
0.0851
0.2227
0.4073
0.0022
0.0474
0.0851
0.2942
0.9627
0.0851
0.0675
0.9325
0.133
0.148
0.0953
0.0474
0.2451
0.3486
0.148
0.1824
0.0097
0.3208
0.1824
0.9399
0.0474
0.2689
0.9627
0.0331
0.0019
0.2227
0.1824
0.9526
0.4073
0.0601
0.4073
0.133
0.0601
0.0076
0.2451
0.2689
0.1645
0.2451
0.2018
0.3775
0.0851
0.148
0.0675
0.026
0.1645
0.1645
0.2227
0.148
0.0534
0.0373
0.4688
0.0851
0.4073
0.2451
0.026
0.1192
0.1645
0.0675
0.1824
0.1067
0.0041
0.0851
0.148
0.1192
0.133
0.148
0.3208
0.4073
0.026
0.2451
0.2018
0.0953
0.0759
0.0759
0.2451
0.0601
0.0534
0.2227
0.1192
0.2451
0.133
0.1824
0.0851
0.4378
0.1192
0.0953
0.2227
0.3775
0.2227
0.3775
0.1824
0.148
0.148
0.3486
0.3486
0.133
0.9707
0.9241
0.2942
0.3775
0.0331
0.0059
0.4073
0.2018
0.0474
0.0474
0.0759
0.0953
0.148
0.148
0.9579
0.018
0.0086
0.2689
0.2689
0.1192
0.133
0.2451
0.2227
0.2227
0.0067
0.1645
0.0534
0.1824
0.0293
0.0675
0.3208
0.1192
0.9579
0.1645
0.1824
0.2942
0.0851
0.148
0.1067
0.148
0.2689
0.977
0.148
0.9627
0.0124
0.1645
0.2689
0.1192
0.3775
0.1192
0.0046
0.974
0.4073
0.0041
0.2018
0.148
0.3208
0.1645
0.0474
0.148
0.0097
0.3208
0.4073
0.133
0.133
0.9149
0.2451
0.0953
0.0373
0.2451
0.2451
0.2451
0.0159
0.2227
0.9669
0.0534
0.0059
0.9707
0.0675
0.0534
0.148
0.0421
0.0953
0.2018
0.148
0.2942
0.148
0.1645
0.9707
0.0851
0.1067
0.0601
0.1645
0.3486
0.1192
0.3208
0.1645
0.2451
0.0534
0.9669
0.0086
0.1824
0.9669
0.0534
0.9526
0.0474
0.2689
0.977
0.9627
0.0036
0.2018
0.0022
0.2942
0.2018
0.1192
0.0076
0.2018
0.2018
0.2689
0.0076
0.0041
0.0059
0.9627
0.4073
0.4073
0.0046
0.3486
0.0421
0.133
0.3775
0.1067
0.2451
0.2689
0.1824
0.2689
0.133
0.1645
0.3208
0.0953
0.0076
0.0293
0.0421
0.4378
0.4378
0.1067
0.3775
0.0293
0.018
0.2227
0.0373
0.2018
0.3208
0.2018
0.2689
0.2451
0.2689
0.0675
0.133
0.2451
0.1645
0.0421
0.1645
0.9669
0.9526
0.2018
0.0086
0.0953
0.133
0.1192
0.3208
0.1645
0.9669
0.9627
0.3775
0.0421
0.3775
0.1824
0.1067
0.0675
0.133
0.2689
0.0046
0.148
0.2451
0.2227
0.2018
0.2018
0.1192
0.3208
0.4073
0.0474
0.148
0.0675
0.0953
0.0759
0.2227
0.1824
0.0293
0.2227
0.2018
0.2227
0.3486
0.0059
0.9669
0.2451
0.133
0.9526
0.9466
0.0076
0.974
0.0017
0.2942
0.0534
0.2689
0.133
0.0293
0.1645
0.0474
0.0534
0.2689
0.0041
0.1824
0.0474
0.133
0.1067
0.1824
0.2942
0.4073
0.3208
0.3775
0.0759
0.2451
0.0086
0.3486
0.9325
0.0851
0.0141
0.2227
0.1645
0.1645
0.0097
0.974
0.9707
0.1067
0.2451
0.2689
0.9669
0.3486
0.3208
0.3208
0.2451
0.4688
0.0474
0.2451
0.0675
0.2451
0.2018
0.9399
0.2227
0.3208
0.0474
0.3486
0.1645
0.026
0.0675
0.148
0.0059
0.0331
0.1645
0.148
0.2227
0.1192
0.3486
0.3486
0.0015
0.4378
0.2018
0.148
0.0675
0.0851
0.1067
0.023
0.2942
0.0046
0.3775
0.9325
0.2227
0.0474
0.0601
0.0953
0.2018
0.1192
0.2018
0.0953
0.9627
0.2942
0.0373
0.9526
0.148
0.1192
0.1645
0.0601
0.0474
0.9526
0.9466
0.0534
0.0293
0.9627
0.3208
0.0851
0.0373
0.9399
0.0534
0.0675
0.3486
0.2227
0.2018
0.133
0.2942
0.0675
0.0474
0.9579
0.9627
0.9325
0.2018
0.2451
0.1824
0.4073
0.0675
0.0421
0.2451
0.148
0.3208
0.3486
0.0953
0.2451
0.2227
0.2451
0.2451
0.2689
0.148
0.2451
0.3486
0.133
0.9466
0.1067
0.9669
0.133
0.2227
0.2227
0.9466
0.2942
0.148
0.0759
0.0032
0.0851
0.3208
0.0331
0.3775
0.2451
0.4378
0.1824
0.0076
0.2451
0.3486
0.2227
0.1824
0.0373
0.9669
0.133
0.148
0.3486
0.0953
0.0851
0.1067
0.2451
0.1192
0.1824
0.0373
0.1645
0.0474
0.0675
0.0474
0.1824
0.2942
0.0373
0.0759
0.148
0.0601
0.2451
0.0067
0.0759
0.0759
0.3486
0.4073
0.148
0.148
0.133
0.0675
0.0331
0.1824
0.0953
0.1824
0.0851
0.4378
0.0421
0.0534
0.133
0.1645
0.1192
0.0032
0.011
0.026
0.0331
0.0159
0.9707
0.0052
0.9241
0.9579
0.0953
0.0028
0.133
0.0041
0.0141
0.0675
0.1824
0.0331
0.0015
0.0124
0.0052
0.0046
0.0421
0.2451
0.0097
0.0086
0.0076
0.9526
0.133
0.0759
0.0086
0.0036
0.9526
0.1192
0.1824
0.0124
0.0293
0.011
0.0086
0.0474
0.0474
0.0076
0.9797
0.0097
0.0331
0.0019
0.0067
0.2689
0.0046
0.9149
0.9627
0.2018
0.0032
0.0019
0.0086
0.2018
0.9627
0.148
0.2227
0.0203
0.0025
0.0067
0.0534
0.0331
0.0067
0.0159
0.9707
0.0373
0.0076
0.0052
0.0086
0.0953
0.0851
0.0046
0.0601
0.011
0.0953
0.0601
0.0953
0.0025
0.0601
0.1645
0.0086
0.0067
0.974
0.0067
0.0067
0.0052
0.0032
0.0373
0.0373
0.0046
0.0203
0.2689
0.0086
0.0059
0.0851
0.3486
0.0759
0.9526
0.0601
0.2018
0.011
0.974
0.2227
0.0041
0.0097
0.0141
0.0032
0.2018
0.2018
0.0203
0.2689
0.0076
0.0046
0.148
0.3775
0.0534
0.9669
0.0675
0.0019
0.0474
0.0759
0.148
0.9466
0.974
0.2689
0.2227
0.023
0.0097
0.0203
0.9526
0.0046
0.0041
0.026
0.0036
0.0759
0.148
0.148
0.9669
0.1192
0.3208
0.0067
0.0534
0.0041
0.2451
0.0041
0.9399
0.0534
0.0019
0.0601
0.023
0.0022
0.2689
0.0086
0.1645
0.2942
0.0052
0.0421
0.0086
0.0046
0.2689
0.0141
0.0046
0.9526
0.148
0.1824
0.0067
0.0421
0.4073
0.0052
0.9466
0.1192
0.0601
0.2942
0.0067
0.1645
0.9579
0.0067
0.3775
0.0059
0.8933
0.0373
0.0046
0.1192
0.0041
0.0601
0.0534
0.9466
0.133
0.148
0.2227
0.0017
0.133
0.0046
0.9241
0.0052
0.0097
0.011
0.9627
0.0017
0.018
0.0086
0.9627
0.0017
0.0124
0.9526
0.0013
0.0373
0.0041
0.0036
0.9797
0.4073
0.0052
0.4378
0.0097
0.0041
0.0076
0.0076
0.0159
0.018
0.0022
0.0097
0.1192
0.2451
0.0159
0.0124
0.0474
0.0028
0.0017
0.9399
0.0052
0.977
0.0086
0.1067
0.0097
0.0331
0.148
0.0052
0.0086
0.0052
0.0675
0.0052
0.0046
0.0041
0.0141
0.0141
0.0041
0.0025
0.0086
0.0067
0.148
0.9526
0.0086
0.9669
0.148
0.018
0.0019
0.0052
0.0086
0.1192
0.011
0.0601
0.3208
0.011
0.0759
0.9526
0.0675
0.0159
0.1067
0.0203
0.0851
0.0032
0.3775
0.3775
0.2018
0.1645
0.3208
0.0022
0.3208
0.1824
0.2018
0.0041
0.0759
0.2227
0.0052
0.0076
0.9466
0.1192
0.0097
0.0086
0.1067
0.0534
0.3208
0.1645
0.9669
0.0086
0.0601
0.0675
0.0953
0.0675
0.0675
0.1192
0.0124
0.977
0.0067
0.0041
0.9669
0.0124
0.0141
0.0046
0.0086
0.1645
0.0025
0.0046
0.9399
0.0067
0.011
0.0028
0.0046
0.3775
0.0067
0.0017
0.0046
0.0097
0.011
0.0675
0.0052
0.974
0.0534
0.0041
0.9707
0.0036
0.0036
0.0036
0.0022
0.0097
0.0036
0.0076
0.0086
0.9627
0.0032
0.9841
0.9669
0.0052
0.0036
0.0067
0.0067
0.0046
0.0032
0.0373
0.0534
0.0036
0.9627
0.9466
0.0141
0.9579
0.0041
0.011
0.9579
0.9669
0.9466
0.974
0.0052
0.0534
0.0041
0.0052
0.9047
0.0097
0.0675
0.018
0.0124
0.9797
0.0032
0.0141
0.9627
0.0022
0.011
0.026
0.023
0.0373
0.0076
0.0067
0.018
0.0052
0.0022
0.9526
0.018
0.026
0.0052
0.0331
0.0052
0.0032
0.9579
0.974
0.0067
0.0601
0.0067
0.2942
0.0097
0.0124
0.0041
0.0097
0.0293
0.0025
0.0141
0.0097
0.0076
0.0097
0.0159
0.0059
0.0036
0.9707
0.0046
0.0421
0.0032
0.011
0.023
0.148
0.0293
0.0293
0.9797
0.0141
0.9466
0.0067
0.0036
0.0953
0.0028
0.0028
0.0036
0.0076
0.011
0.9466
0.0019
0.011
0.0373
0.0041
0.0421
0.0373
0.011
0.0059
0.0041
0.9707
0.018
0.0203
0.0028
0.9241
0.0159
0.026
0.1067
0.0601
0.0059
0.011
0.0025
0.0052
0.0032
0.0052
0.0067
0.0041
0.026
0.0046
0.9241
0.0046
0.011
0.0015
0.0067
0.0022
0.0076
0.0331
0.0059
0.0052
0.0203
0.0067
0.2689
0.9707
0.9627
0.0046
0.0067
0.9526
0.0046
0.9579
0.0052
0.9399
0.0086
0.0041
0.0022
0.0059
0.0601
0.0601
0.0032
0.026
0.023
0.0059
0.0331
0.0032
0.0373
0.0086
0.0203
0.0076
0.9627
0.0059
0.1645
0.0293
0.0067
0.0086
0.9627
0.0067
0.0141
0.0076
0.0141
0.0041
0.0086
0.0036
0.0028
0.0046
0.0019
0.2018
0.0097
0.0086
0.0097
0.9707
0.0141
0.0474
0.0076
0.0041
0.0036
0.0159
0.0097
0.3208
0.9325
0.0086
0.0675
0.974
0.977
0.9579
0.0373
0.0953
0.9669
0.0032
0.026
0.0293
0.0097
0.0097
0.0041
0.9466
0.9627
0.0097
0.0046
0.0675
0.0124
0.0046
0.9149
0.0022
0.9466
0.0046
0.0076
0.011
0.0534
0.018
0.9579
0.0421
0.0141
0.0203
0.3775
0.0052
0.0759
0.0159
0.2689
0.0041
0.018
0.0421
0.0046
0.9579
0.0059
0.0041
0.0028
0.0046
0.0025
0.977
0.011
0.0028
0.0203
0.011
0.0067
0.1645
0.9325
0.0036
0.0097
0.0076
0.9627
0.011
0.9707
0.018
0.023
0.0046
0.0086
0.0067
0.0124
0.0017
0.0052
0.0041
0.0373
0.0028
0.0046
0.0028
0.0601
0.9579
0.0373
0.0022
0.0421
0.0067
0.0124
0.0076
0.133
0.2689
0.0019
0.0017
0.0036
0.2227
0.0052
0.2018
0.011
0.0086
0.0046
0.0036
0.0086
0.0421
0.0086
0.0421
0.0067
0.9627
0.0203
0.9669
0.0159
0.0032
0.982
0.0052
0.974
0.0097
0.026
0.9579
0.0067
0.0086
0.0076
0.0086
0.0331
0.9466
0.0076
0.1824
0.0041
0.0017
0.1192
0.0028
0.0032
0.0036
0.9526
0.0036
0.0534
0.0036
0.0076
0.0046
0.0086
0.0059
0.0675
0.0851
0.0421
0.9669
0.011
0.9241
0.0032
0.0015
0.0025
0.0046
0.0076
0.2227
0.0041
0.023
0.9579
0.0019
0.9627
0.0059
0.1067
0.0036
0.9325
0.0076
0.9579
0.0331
0.011
0.2689
0.0067
0.0052
0.0097
0.0052
0.0025
0.0052
0.0015
0.0534
0.011
0.0203
0.4073
0.0534
0.0032
0.0041
0.0036
0.0141
0.0019
0.0059
0.0159
0.0331
0.0067
0.0041
0.0059
0.2018
0.974
0.9579
0.0534
0.0124
0.0028
0.0159
0.0046
0.018
0.0022
0.0076
0.0036
0.1067
0.9241
0.0097
0.0373
0.9399
0.9627
0.9707
0.0025
0.0159
0.0022
0.0041
0.0028
0.9707
0.9707
0.0041
0.0076
0.0086
0.0421
0.0421
0.0076
0.0124
0.0028
0.0331
0.0036
0.011
0.0086
0.0052
0.023
0.0097
0.018
0.0097
0.023
0.0046
0.0086
0.0124
0.0059
0.0097
0.0025
0.0601
0.0534
0.0067
0.9579
0.0046
0.974
0.0851
0.9579
0.1645
0.0474
0.133
0.011
0.0203
0.0097
0.0141
0.0076
0.0076
0.0097
0.1067
0.0203
0.1192
0.9627
0.0141
0.0086
0.0141
0.0086
0.0373
0.018
0.1192
0.0601
0.0022
0.018
0.0046
0.0036
0.0124
0.0041
0.0032
0.0028
0.023
0.0159
0.0097
0.9627
0.0534
0.0059
0.0059
0.9149
0.0067
0.0601
0.0041
0.0052
0.0474
0.0036
0.0028
0.0759
0.0759
0.0373
0.018
0.0086
0.0086
0.0141
0.0019
0.0076
0.0474
0.9526
0.0032
0.0141
0.4378
0.0041
0.0086
0.9466
0.0041
0.0159
0.9579
0.0046
0.011
0.0675
0.0293
0.9579
0.0032
0.0076
0.0086
0.0036
0.1824
0.977
0.0067
0.1824
0.9399
0.0097
0.0036
0.1067
0.0067
0.0036
0.9579
0.0097
0.0059
0.0097
0.1067
0.0076
0.0097
0.0059
0.0076
0.0331
0.0141
0.9707
0.0032
0.0124
0.0474
0.1824
0.0036
0.0052
0.0052
0.0953
0.0293
0.0076
0.0076
0.9526
0.9466
0.0097
0.2689
0.0097
0.011
0.9797
0.148
0.0025
0.9466
0.0046
0.0059
0.0293
0.9526
0.0046
0.0046
0.0086
0.0025
0.9325
0.0067
0.0124
0.9325
0.0041
0.0474
0.0019
0.0851
0.133
0.0293
0.148
0.0159
0.0675
0.0474
0.011
0.9669
0.0421
0.9627
0.2451
0.0124
0.1645
0.9948
0.0059
0.0124
0.0373
0.0159
0.0046
0.9669
0.0331
0.0534
0.0097
0.0534
0.0124
0.0097
0.0953
0.0293
0.0601
0.011
0.1192
0.0373
0.0421
0.0474
0.0059
0.0851
0.0086
0.0052
0.0059
0.1067
0.9241
0.1067
0.0067
0.0076
0.0675
0.0953
0.0474
0.0601
0.0124
0.0373
0.0759
0.0421
0.0474
0.1645
0.0293
0.9669
0.0141
0.0203
0.148
0.0076
0.0474
0.0159
0.0474
0.148
0.0159
0.0041
0.026
0.0086
0.0293
0.0028
0.0032
0.0421
0.0534
0.0953
0.026
0.0141
0.0124
0.0059
0.0046
0.0601
0.0203
0.0474
0.2689
0.0025
0.974
0.0293
0.0373
0.0046
0.0032
0.0076
0.0041
0.0076
0.0421
0.0675
0.0059
0.0041
0.0203
0.0474
0.0059
0.0013
0.026
0.0067
0.0028
0.0025
0.0601
0.0036
0.011
0.0759
0.0601
0.0759
0.0097
0.0046
0.1645
0.9466
0.0041
0.0032
0.0474
0.0331
0.0041
0.011
0.0046
0.0601
0.0421
0.0052
0.0025
0.011
0.018
0.9627
0.2451
0.0421
0.0017
0.0076
0.0059
0.3486
0.0059
0.0141
0.0159
0.1067
0.0474
0.0601
0.0097
0.0159
0.9399
0.0046
0.023
0.0421
0.0046
0.0953
0.1645
0.0331
0.1067
0.0759
0.977
0.0076
0.133
0.023
0.9579
0.0293
0.0046
0.0421
0.0067
0.0052
0.018
0.0534
0.0067
0.0851
0.023
0.0019
0.0036
0.9466
0.0373
0.0124
0.9707
0.0601
0.0421
0.0022
0.0373
0.0124
0.0076
0.0421
0.0293
0.1067
0.026
0.0086
0.9579
0.0601
0.9579
0.9399
0.1067
0.0032
0.026
0.0022
0.0331
0.018
0.0022
0.0036
0.0067
0.0293
0.0759
0.0032
0.018
0.9399
0.3486
0.974
0.0124
0.0022
0.9526
0.0032
0.0046
0.0601
0.0032
0.0097
0.0086
0.0141
0.2451
0.2451
0.0019
0.0373
0.0421
0.026
0.0036
0.0373
0.1067
0.0059
0.0601
0.0046
0.1645
0.1192
0.0067
0.0601
0.026
0.1192
0.0086
0.0159
0.0025
0.0086
0.0534
0.0421
0.0474
0.0036
0.0067
0.0141
0.2942
0.0759
0.011
0.0675
0.0293
0.0052
0.133
0.018
0.011
0.0474
0.0052
0.0601
0.023
0.0032
0.0675
0.0159
0.9399
0.0097
0.0851
0.0059
0.1645
0.148
0.9399
0.0076
0.023
0.026
0.0421
0.0534
0.0474
0.9627
0.0293
0.0953
0.0373
0.0086
0.0601
0.0076
0.026
0.0293
0.0675
0.0041
0.0086
0.0041
0.0293
0.0331
0.9526
0.0534
0.0041
0.2942
0.0124
0.0036
0.0421
0.0474
0.0124
0.982
0.0059
0.0373
0.0534
0.1192
0.0373
0.023
0.023
0.0534
0.1067
0.0953
0.0601
0.0474
0.0851
0.9707
0.0601
0.0953
0.018
0.0331
0.0759
0.1067
0.0851
0.0331
0.0373
0.0534
0.0851
0.133
0.1067
0.018
0.0953
0.9948
0.982
0.0953
0.0124
0.0759
0.0203
0.0601
0.0851
0.0601
0.0851
0.0293
0.0373
0.0953
0.0759
0.0759
0.0474
0.0534
0.1192
0.0421
0.9325
0.0331
0.982
0.0373
0.018
0.1067
0.0373
0.0203
0.0534
0.0474
0.0421
0.0474
0.0534
0.0293
0.026
0.0534
0.0675
0.0373
0.0331
0.0675
0.0421
0.026
0.0953
0.0851
0.0293
0.026
0.0675
0.0293
0.0675
0.023
0.0851
0.9924
0.0953
0.0331
0.0851
0.023
0.0759
0.0331
0.0331
0.0373
0.0534
0.0534
0.0534
0.1192
0.023
0.0124
0.0675
0.0373
0.0601
0.0474
0.0474
0.0953
0.0331
0.0059
0.023
0.0953
0.018
0.0474
0.0675
0.0953
0.0293
0.0421
0.133
0.977
0.0421
0.0851
0.0601
0.0851
0.0534
0.023
0.0421
0.133
0.133
0.0851
0.0675
0.0759
0.0534
0.0293
0.0759
0.0534
0.0052
0.0293
0.0534
0.133
0.0675
0.0331
0.0534
0.0953
0.0851
0.0331
0.0041
0.9941
0.0293
0.0293
0.9707
0.0534
0.0474
0.0953
0.0474
0.0759
0.0022
0.0293
0.023
0.0293
0.026
0.0041
0.0851
0.0851
0.0601
0.0474
0.0601
0.148
0.133
0.0076
0.0373
0.0203
0.0759
0.0534
0.0759
0.0052
0.0474
0.0534
0.0675
0.0759
0.0041
0.0601
0.0474
0.0373
0.0601
0.0474
0.0331
0.0534
0.0373
0.0421
0.0601
0.0421
0.0203
0.0601
0.9579
0.0331
0.0203
0.9627
0.0421
0.0331
0.0474
0.1192
0.0675
0.0373
0.023
0.0953
0.0046
0.026
0.1645
0.0953
0.0953
0.0851
0.0534
0.0953
0.0759
0.0421
0.0675
0.0373
0.0851
0.0534
0.0293
0.0534
0.1645
0.023
0.0851
0.0953
0.0474
0.0534
0.0759
0.0421
0.148
0.0373
0.0373
0.026
0.133
0.0203
0.148
0.0953
0.0759
0.0601
0.0759
0.0331
0.0373
0.0601
0.0293
0.0675
0.0675
0.0203
0.0759
0.148
0.0675
0.1067
0.0474
0.0851
0.0953
0.0059
0.0203
0.0076
0.026
0.0474
0.9579
0.0601
0.0293
0.0159
0.0675
0.0421
0.0534
0.0759
0.0851
0.0421
0.026
0.0534
0.0534
0.0421
0.0373
0.0601
0.0076
0.0675
0.018
0.0534
0.018
0.026
0.0759
0.0331
0.9526
0.0331
0.018
0.0086
0.0759
0.0331
0.0331
0.0953
0.026
0.0953
0.9841
0.026
0.0046
0.9707
0.0851
0.0474
0.0331
0.1645
0.148
0.1067
0.0293
0.0534
0.023
0.0293
0.0331
0.974
0.0534
0.0601
0.0851
0.148
0.0759
0.0331
0.0293
0.0373
0.0293
0.0675
0.0601
0.148
0.148
0.1192
0.0953
0.0421
0.0474
0.0601
0.0675
0.0421
0.0474
0.0474
0.0474
0.0373
0.0293
0.9859
0.0675
0.0331
0.0601
0.0675
0.0331
0.0203
0.0474
0.0534
0.0421
0.0203
0.0474
0.0534
0.0759
0.0534
0.0851
0.0534
0.9941
0.1192
0.0421
0.0675
0.0293
0.0953
0.0293
0.0474
0.0759
0.0015
0.0474
0.0421
0.1067
0.0331
0.0601
0.0203
0.0851
0.0675
0.0331
0.0373
0.1192
0.0534
0.0373
0.0474
0.148
0.0759
0.0759
0.0421
0.0421
0.0331
0.1192
0.0534
0.0851
0.0953
0.0421
0.9325
0.018
0.0675
0.023
0.974
0.0851
0.0474
0.0474
0.1192
0.018
0.0474
0.0675
0.133
0.023
0.133
0.0851
0.0331
0.9466
0.0331
0.026
0.0953
0.0675
0.0124
0.0036
0.1067
0.0534
0.0331
0.0953
0.0759
0.0331
0.0601
0.0373
0.0293
0.133
0.9669
0.0675
0.0534
0.0675
0.1067
0.0293
0.023
0.0953
0.1192
0.0331
0.0421
0.0373
0.0474
0.0851
0.0601
0.0474
0.1067
0.0474
0.0851
0.0851
0.0851
0.9948
0.1192
0.0601
0.9959
0.0851
0.0421
0.982
0.9399
0.0759
0.0331
0.0759
0.0534
0.0534
0.0141
0.0331
0.0601
0.0331
0.1192
0.023
0.0953
0.0331
0.026
0.1645
0.0851
0.0675
0.1192
0.0675
0.9707
0.0421
0.1192
0.023
0.0953
0.0373
0.9914
0.0534
0.0293
0.0759
0.1067
0.9972
0.0293
0.0851
0.0759
0.0474
0.0373
0.0331
0.0203
0.0851
0.133
0.0953
0.0331
0.0953
0.0331
0.148
0.0474
0.0851
0.026
0.0601
0.0474
0.1192
0.0331
0.0851
0.9941
0.0331
0.023
0.0203
0.0534
0.0675
0.0373
0.0159
0.0953
0.0534
0.0373
0.9954
0.0953
0.026
0.0373
0.0373
0.0953
0.1067
0.023
0.0159
0.0675
0.0534
0.0474
0.0421
0.0293
0.0293
0.0331
0.133
0.0203
0.0421
0.0474
0.0373
0.0851
0.9526
0.0851
0.0159
0.0041
0.0373
0.0675
0.0373
0.0759
0.0851
0.0474
0.0601
0.0534
0.0534
0.0203
0.133
0.0851
0.0534
0.0759
0.0293
0.0293
0.0059
0.0601
0.023
0.0421
0.0331
0.0293
0.0675
0.1067
0.0534
0.0601
0.0534
0.133
0.0474
0.0474
0.0331
0.026
0.0534
0.1067
0.0675
0.0534
0.018
0.0159
0.0331
0.0953
0.0421
0.0675
0.0293
0.0293
0.1192
0.0675
0.1192
0.0851
0.0534
0.0953
0.0373
0.0759
0.9627
0.0373
0.0534
0.0373
0.0421
0.0159
0.133
0.0067
0.0534
0.0851
0.148
0.0373
0.0159
0.0293
0.9941
0.0759
0.0851
0.0851
0.0373
0.0675
0.018
0.0601
0.0601
0.0293
0.0953
0.0534
0.1067
0.0851
0.0534
0.0331
0.0474
0.0601
0.0421
0.0601
0.0421
0.0474
0.1067
0.0534
0.0373
0.026
0.0675
0.133
0.0534
0.0534
0.0601
0.0953
0.0534
0.0203
0.018
0.0373
0.0534
0.0331
0.0373
0.026
0.0331
0.0373
0.0953
0.0421
0.0293
0.0421
0.0953
0.0851
0.023
0.0675
0.0601
0.0293
0.9466
0.0675
0.0601
0.0421
0.0474
0.0675
0.0373
0.0534
0.0851
0.0534
0.026
0.0534
0.0675
0.0331
0.0675
0.0534
0.0601
0.9964
0.0759
0.026
0.026
0.9933
0.0601
0.0675
0.0601
0.0759
0.0293
0.0953
0.0601
0.0474
0.0675
0.0331
0.0759
0.0331
0.0534
0.0331
0.023
0.0474
0.023
0.0097
0.0421
0.023
0.0421
0.0675
0.0203
0.0601
0.0421
0.0421
0.9526
0.0851
0.0675
0.0675
0.011
0.023
0.0534
0.0331
0.0474
0.0601
0.0474
0.0421
0.0534
0.0759
0.0534
0.0851
0.0373
0.0474
0.0474
0.026
0.0046
0.0203
0.023
0.1824
0.0293
0.0474
0.1067
0.0601
0.0601
0.133
0.0373
0.0421
0.0534
0.0953
0.0759
0.0675
0.0534
0.0851
0.0534
0.0534
0.0474
0.0534
0.0474
0.0421
0.9399
0.026
0.0675
0.0086
0.0601
0.1067
0.0675
0.0421
0.0474
0.0421
0.026
0.1192
0.0421
0.0141
0.0421
0.0534
0.148
0.026
0.0601
0.977
0.133
0.0474
0.0474
0.0474
0.018
0.026
0.0953
0.0534
0.0851
0.0953
0.0851
0.0851
0.0601
0.0373
0.0474
0.023
0.0293
0.0159
0.0373
0.0675
0.0097
0.0953
0.0421
0.1192
0.0373
0.0601
0.9669
0.133
0.0601
0.0036
0.0421
0.9241
0.0851
0.1067
0.0474
0.1645
0.0373
0.0293
0.0675
0.0331
0.0373
0.0851
0.9924
0.0421
0.0851
0.0373
0.0675
0.0373
0.0373
0.0203
0.023
0.0474
0.1824
0.0373
0.0534
0.0474
0.0601
0.0331
0.0601
0.026
0.0851
0.0601
0.0373
0.0759
0.0421
0.989
0.0474
0.026
0.0601
0.0421
0.0293
0.0293
0.1067
0.0474
0.0759
0.0373
0.9964
0.0601
0.0331
0.0293
0.0759
0.0331
0.0534
0.0759
0.0474
0.023
0.1067
0.0851
0.0953
0.0675
0.0953
0.0675
0.023
0.023
0.0534
0.0534
0.026
0.0331
0.0675
0.0601
0.0331
0.0421
0.0373
0.0953
0.0675
0.0086
0.0601
0.026
0.0293
0.0159
0.133
0.0953
0.0421
0.0421
0.1067
0.1824
0.026
0.0373
0.0474
0.1067
0.0953
0.0534
0.0534
0.0293
0.0373
0.0293
0.0534
0.0293
0.0601
0.9903
0.0601
0.026
0.0141
0.0759
0.0601
0.026
0.0421
0.0675
0.1067
0.0759
0.9924
0.026
0.9841
0.9399
0.0601
0.0534
0.0474
0.026
0.9933
0.0474
0.0601
0.0534
0.9707
0.0421
0.0953
0.9968
0.9954
0.0601
0.0601
0.0851
0.0373
0.0141
0.0759
0.0331
0.0675
0.9579
0.9941
0.0331
0.0675
0.0601
0.0293
0.0331
0.1067
0.9948
0.0331
0.133
0.9579
0.0293
0.0601
0.9975
0.9948
0.1067
0.0601
0.0675
0.0759
0.148
0.9526
0.0759
0.1645
0.0601
0.0421
0.9797
0.0331
0.0421
0.133
0.0851
0.9797
0.974
0.0293
0.9876
0.9669
0.9968
0.1192
0.9954
0.0953
0.0851
0.0331
0.9841
0.9972
0.0953
0.0759
0.0759
0.9964
0.0293
0.9924
0.018
0.0759
0.9972
0.148
0.0373
0.0474
0.9975
0.0534
0.0851
0.9975
0.0421
0.9924
0.026
0.989
0.9948
0.9959
0.026
0.9975
0.1067
0.9466
0.0851
0.9859
0.0141
0.018
0.0373
0.0474
0.9948
0.9859
0.9669
0.0601
0.0159
0.1645
0.0474
0.9978
0.9526
0.0331
0.0534
0.0675
0.0851
0.0421
0.0331
0.0474
0.974
0.9526
0.0421
0.0293
0.9924
0.0601
0.9707
0.0675
0.0474
0.0851
0.0534
0.0601
0.0474
0.0331
0.0534
0.0759
0.0474
0.0534
0.0474
0.0851
0.9933
0.0759
0.148
0.9933
0.0759
0.0373
0.0331
0.0203
0.0675
0.9876
0.9325
0.0534
0.0421
0.0331
0.9914
0.0421
0.0331
0.0373
0.974
0.0953
0.1067
0.9948
0.0203
0.9964
0.9627
0.1192
0.9972
0.977
0.9968
0.0759
0.9975
0.9579
0.0203
0.0759
0.026
0.9933
0.9466
0.0759
0.0534
0.0293
0.0421
0.9987
0.0851
0.9707
0.9707
0.0203
0.0331
0.0851
0.0759
0.9964
0.9933
0.0331
0.9972
0.989
0.023
0.9876
0.0474
0.0474
0.0421
0.0474
0.0534
0.9972
0.0851
0.9914
0.0373
0.0953
0.0141
0.9959
0.1067
0.0474
0.9948
0.974
0.0373
0.9959
0.0421
0.1192
0.0373
0.0675
0.0421
0.0601
0.9526
0.0474
0.026
0.0421
0.0421
0.0331
0.0373
0.0293
0.9941
0.9579
0.0759
0.0421
0.0474
0.9933
0.9707
0.9876
0.0851
0.9941
0.0421
0.0474
0.0474
0.9948
0.0759
0.133
0.9859
0.9933
0.0331
0.9948
0.989
0.0675
0.9924
0.0534
0.0421
0.0675
0.0953
0.9466
0.0601
0.0759
0.0534
0.0851
0.9707
0.9954
0.0421
0.026
0.9579
0.0601
0.9876
0.9841
0.0675
0.1192
0.9707
0.9933
0.9466
0.0601
0.0851
0.023
0.9948
0.023
0.9241
0.9941
0.0331
0.0331
0.9924
0.9959
0.9627
0.0759
0.9954
0.0421
0.0953
0.023
0.0293
0.023
0.0373
0.018
0.9466
0.026
0.0534
0.9627
0.026
0.0759
0.9975
0.0534
0.9954
0.0421
0.0534
0.0534
0.9959
0.0601
0.974
0.0421
0.0953
0.0851
0.1067
0.0474
0.0601
0.9924
0.0601
0.0474
0.0474
0.0851
0.0373
0.0203
0.0601
0.0601
0.977
0.9924
0.0534
0.0474
0.989
0.9399
0.9941
0.0759
0.1067
0.974
0.0331
0.0759
0.9978
0.0675
0.0203
0.9399
0.0421
0.9948
0.0293
0.9841
0.0373
0.0293
0.1192
0.0675
0.9047
0.0373
0.0851
0.9924
0.0601
0.9627
0.9954
0.0474
0.133
0.0851
0.0373
0.9627
0.9978
0.8933
0.0474
0.1192
0.9859
0.9903
0.0373
0.9579
0.982
0.0534
0.026
0.0474
0.0534
0.9669
0.9859
0.0534
0.0953
0.0474
0.0373
0.0331
0.0421
0.9914
0.0421
0.9707
0.0474
0.0203
0.0474
0.1192
0.0851
0.0373
0.9466
0.9964
0.9627
0.026
0.0601
0.9526
0.0759
0.974
0.0421
0.9669
0.0675
0.9941
0.977
0.0203
0.9968
0.982
0.0851
0.9526
0.0675
0.0759
0.0293
0.0759
0.018
0.974
0.0601
0.0759
0.0203
0.026
0.0851
0.9964
0.977
0.023
0.0675
0.9149
0.0421
0.0331
0.1067
0.9954
0.9399
0.0293
0.023
0.0293
0.1192
0.1192
0.9948
0.0675
0.0421
0.9047
0.0953
0.9948
0.0421
0.9954
0.1067
0.9707
0.0851
0.9241
0.9859
0.1067
0.9627
0.9933
0.0474
0.0851
0.0534
0.9959
0.867
0.9975
0.9466
0.0373
0.0474
0.9579
0.0373
0.0851
0.0293
0.0601
0.0474
0.9399
0.0159
0.9924
0.0601
0.0759
0.8808
0.977
0.0293
0.1192
0.0293
0.9959
0.1067
0.0675
0.018
0.9627
0.0851
0.9964
0.1645
0.0759
0.0331
0.9797
0.9399
0.0851
0.0601
0.0601
0.9972
0.023
0.989
0.023
0.9972
0.133
0.0373
0.0675
0.9859
0.0203
0.0331
0.0759
0.9526
0.0373
0.0534
0.0331
0.0534
0.148
0.9959
0.0953
0.9876
0.0601
0.0759
0.9964
0.0421
0.9954
0.0759
0.974
0.148
0.0421
0.0474
0.1192
0.0759
0.9707
0.9941
0.0759
0.018
0.9669
0.0159
0.133
0.0759
0.0421
0.0331
0.9526
0.023
0.9968
0.133
0.0474
0.9526
0.0675
0.0675
0.9903
0.0373
0.0953
0.0601
0.9841
0.9959
0.133
0.0675
0.9797
0.023
0.0293
0.0534
0.0759
0.0474
0.0421
0.9669
0.0675
0.9876
0.9325
0.0759
0.9914
0.9149
0.0534
0.0534
0.0601
0.0331
0.9933
0.026
0.9959
0.0675
0.0293
0.9914
0.0675
0.989
0.0331
0.0601
0.0331
0.0675
0.0331
0.0601
0.026
0.0851
0.9978
0.0373
0.9399
0.0534
0.0534
0.0421
0.0851
0.0953
0.0474
0.982
0.0759
0.0534
0.0474
0.9924
0.1192
0.023
0.9968
0.0474
0.9975
0.0331
0.0373
0.0851
0.0675
0.9941
0.977
0.9948
0.9959
0.9914
0.0675
0.9933
0.0953
0.0759
0.0293
0.9933
0.0421
0.9526
0.026
0.0373
0.0601
0.0293
0.9914
0.9933
0.0601
0.1067
0.9964
0.0293
0.9797
0.0675
0.0373
0.9903
0.018
0.9627
0.9968
0.0759
0.9968
0.0953
0.0534
0.023
0.0421
0.0534
0.026
0.0373
0.0675
0.9933
0.0675
0.0675
0.9964
0.9964
0.9859
0.0421
0.0953
0.9903
0.9968
0.9968
0.1067
0.9047
0.0851
0.9876
0.0759
0.0675
0.9914
0.0534
0.982
0.0601
0.0953
0.0759
0.9972
0.0851
0.0293
0.9903
0.0675
0.0331
0.026
0.0534
0.9954
0.0474
0.0534
0.0953
0.9859
0.0759
0.0759
0.0474
0.9876
0.9924
0.0759
0.9983
0.9669
0.023
0.0759
0.0675
0.0759
0.9149
0.0601
0.9983
0.0293
0.0851
0.9841
0.026
0.9841
0.0474
0.9964
0.0331
0.974
0.9941
0.023
0.023
0.9627
0.9954
0.0373
0.9959
0.0953
0.1067
0.982
0.0421
0.0851
0.0203
0.0534
0.9978
0.0675
0.0474
0.133
0.0759
0.0675
0.9954
0.9627
0.9959
0.0953
0.0534
0.0373
0.0474
0.0601
0.023
0.0534
0.9933
0.0675
0.0421
0.9933
0.9466
0.8933
0.0373
0.9948
0.9241
0.0534
0.0474
0.0534
0.989
0.0474
0.0474
0.133
0.9959
0.9325
0.0759
0.982
0.9627
0.9954
0.0759
0.0293
0.989
0.0293
0.0759
0.0953
0.0293
0.0759
0.0601
0.1192
0.0373
0.0474
0.0421
0.0203
0.0534
0.0474
0.0675
0.026
0.0373
0.9859
0.0474
0.0331
0.1192
0.0373
0.0421
0.9924
0.0759
0.9968
0.0851
0.0373
0.0601
0.9948
0.0601
0.023
0.989
0.0601
0.9325
0.0601
0.977
0.0851
0.974
0.0759
0.0421
0.0534
0.0293
0.9797
0.0675
0.0421
0.9241
0.0675
0.982
0.0331
0.9954
0.0373
0.9948
0.133
0.148
0.1645
0.9797
0.9948
0.0474
0.0534
0.0759
0.0331
0.0953
0.0331
0.9941
0.0474
0.0601
0.0474
0.9579
0.0421
0.0421
0.9954
0.0601
0.9526
0.0953
0.9841
0.9972
0.9903
0.0474
0.0534
0.0675
0.0331
0.9914
0.0534
0.026
0.9975
0.026
0.9149
0.0421
0.0203
0.0601
0.0474
0.0293
0.0851
0.9876
0.0953
0.9903
0.0851
0.0534
0.0534
0.9579
0.9047
0.0759
0.0601
0.0675
0.0474
0.9959
0.9149
0.0421
0.0293
0.9325
0.9579
0.1645
0.9948
0.9399
0.9954
0.9627
0.0675
0.9797
0.0421
0.9797
0.9241
0.026
0.9579
0.9325
0.0331
0.0373
0.9325
0.0421
0.982
0.0421
0.9954
0.9968
0.0851
0.9981
0.0601
0.9933
0.9924
0.0534
0.0293
0.9579
0.026
0.9924
0.9959
0.9948
0.9972
0.9325
0.9841
0.9968
0.9903
0.989
0.9841
0.0293
0.9948
0.9903
0.9954
0.0331
0.0474
0.0759
0.9975
0.9983
0.9964
0.0675
0.9981
0.0421
0.0474
0.0421
0.9914
0.9954
0.9841
0.0675
0.982
0.9948
0.9975
0.9972
0.9914
0.9933
0.989
0.9959
0.0373
0.0373
0.9579
0.9959
0.9978
0.0601
0.0203
0.9964
0.0601
0.9959
0.9948
0.0293
0.9954
0.9948
0.9981
0.9964
0.9669
0.9707
0.9978
0.9924
0.9914
0.0851
0.852
0.9954
0.0953
0.9924
0.9941
0.9954
0.9924
0.9954
0.9924
0.9859
0.9841
0.9959
0.9924
0.148
0.0851
0.9933
0.9876
0.9948
0.9968
0.982
0.0534
0.9959
0.9325
0.9241
0.9941
0.0601
0.9959
0.9924
0.9933
0.9933
0.0373
0.9948
0.9972
0.9903
0.9241
0.9466
0.9972
0.9149
0.9983
0.0474
0.9933
0.1067
0.9954
0.0601
0.026
0.9964
0.9933
0.026
0.9954
0.0534
0.0293
0.0373
0.989
0.0675
0.9972
0.9948
0.9954
0.9964
0.9933
0.0373
0.0759
0.9983
0.989
0.9959
0.9669
0.9903
0.9988
0.9399
0.9975
0.8933
0.9972
0.9941
0.974
0.9933
0.0601
0.9968
0.9948
0.9959
0.9954
0.989
0.0534
0.9933
0.0534
0.9959
0.9933
0.9959
0.9627
0.989
0.0675
0.977
0.9954
0.9797
0.9325
0.9903
0.9924
0.0474
0.9978
0.9954
0.9669
0.9669
0.0601
0.9972
0.026
0.0474
0.9914
0.9876
0.9978
0.9933
0.9876
0.0675
0.9972
0.9933
0.9914
0.9797
0.0421
0.0421
0.989
0.0159
0.0759
0.9978
0.9968
0.9959
0.9954
0.9964
0.9941
0.9941
0.9948
0.9903
0.0759
0.9933
0.0421
0.9914
0.9924
0.0373
0.0331
0.9981
0.1067
0.0474
0.9954
0.9669
0.989
0.9797
0.9948
0.9933
0.0534
0.8933
0.0373
0.8176
0.0159
0.9941
0.0293
0.9841
0.9903
0.9978
0.0953
0.9933
0.9975
0.9924
0.9924
0.9941
0.9959
0.9975
0.0534
0.9964
0.9959
0.0759
0.9978
0.9959
0.0851
0.9941
0.018
0.9981
0.9959
0.9959
0.9841
0.0474
0.9975
0.9903
0.9933
0.1192
0.9859
0.9941
0.0474
0.0851
0.7311
0.9914
0.9978
0.9983
0.9876
0.9933
0.9972
0.0373
0.9959
0.9983
0.9948
0.0601
0.1192
0.0675
0.9914
0.9903
0.0474
0.9978
0.0474
0.9954
0.9941
0.9964
0.0373
0.9914
0.9948
0.9968
0.9968
0.9325
0.9903
0.9983
0.9914
0.9954
0.9941
0.0474
0.9903
0.989
0.0953
0.9964
0.989
0.9914
0.0293
0.9981
0.9954
0.0675
0.0675
0.9941
0.9964
0.9933
0.9968
0.9903
0.9941
0.852
0.0601
0.9914
0.0601
0.8808
0.9149
0.867
0.9941
0.9972
0.7773
0.9933
0.989
0.9959
0.9903
0.9924
0.9975
0.9948
0.9933
0.9933
0.9964
0.9948
0.9978
0.8176
0.9876
0.9941
0.9941
0.982
0.9948
0.9941
0.9954
0.0759
0.9933
0.989
0.9968
0.9972
0.9968
0.9914
0.9948
0.852
0.9933
0.9933
0.989
0.9903
0.9859
0.9964
0.9968
0.989
0.9981
0.9903
0.9941
0.9972
0.9466
0.9948
0.9579
0.9968
0.9948
0.9954
0.989
0.9985
0.026
0.9933
0.9914
0.9964
0.9959
0.9914
0.9975
0.9954
0.9968
0.977
0.9903
0.9914
0.9914
0.9978
0.9964
0.9948
0.9859
0.9959
0.9948
0.9972
0.9954
0.9948
0.9797
0.1067
0.9859
0.9954
0.9941
0.9968
0.9914
0.9968
0.0759
0.9948
0.9914
0.9954
0.9954
0.9954
0.9933
0.9978
0.0759
0.9914
0.9914
0.982
0.9972
0.9903
0.9924
0.9978
0.9924
0.982
0.9964
0.9959
0.989
0.9933
0.0601
0.9941
0.9975
0.9968
0.9981
0.9933
0.9959
0.9876
0.9959
0.9941
0.9968
0.9948
0.9964
0.9948
0.989
0.9975
0.9954
0.9924
0.9964
0.9954
0.9972
0.0421
0.9954
0.9914
0.9669
0.9903
0.867
0.9876
0.9933
0.9959
0.9972
0.9954
0.9968
0.9978
0.9941
0.9959
0.0373
0.9797
0.9978
0.9948
0.9948
0.9941
0.9972
0.9972
0.9149
0.9985
0.9954
0.9941
0.9903
0.9948
0.9924
0.9964
0.0421
0.9968
0.989
0.9914
0.9959
0.9954
0.9924
0.6792
0.8808
0.9933
0.9948
0.9981
0.9959
0.9876
0.9964
0.9964
0.9941
0.852
0.0601
0.852
0.9948
0.9933
0.0851
0.0534
0.9914
0.989
0.9964
0.9924
0.989
0.9959
0.9914
0.9972
0.9983
0.9948
0.9876
0.9948
0.9964
0.9968
0.989
0.018
0.9964
0.9972
0.9876
0.9941
0.9954
0.9972
0.9933
0.9933
0.974
0.9914
0.9948
0.9972
0.9914
0.026
0.7773
0.9959
0.9959
0.9964
0.9914
0.9914
0.0675
0.989
0.0851
0.9959
0.9914
0.9924
0.9975
0.0159
0.9903
0.9924
0.9924
0.9968
0.9669
0.9954
0.9975
0.9924
0.9954
0.9968
0.9975
0.9924
0.9954
0.9707
0.9964
0.7773
0.9968
0.9948
0.9924
0.0601
0.9859
0.9972
0.9941
0.9948
0.9941
0.9903
0.0373
0.9954
0.9968
0.9959
0.9964
0.9941
0.9948
0.9903
0.0534
0.9933
0.8933
0.9903
0.9933
0.9968
0.9978
0.9933
0.9903
0.9924
0.8176
0.9985
0.9933
0.9903
0.9975
0.9941
0.9954
0.9933
0.9914
0.9876
0.9948
0.0534
0.9954
0.9964
0.9975
0.9987
0.9941
0.9968
0.9975
0.9924
0.9797
0.9859
0.0331
0.9981
0.9924
0.8176
0.9903
0.9047
0.0474
0.9149
0.9466
0.9859
0.9954
0.9959
0.9978
0.9975
0.9941
0.9959
0.9914
0.9914
0.9941
0.989
0.9933
0.9876
0.9841
0.989
0.9924
0.9978
0.9981
0.9954
0.0851
0.9941
0.9964
0.7549
0.9954
0.9968
0.9903
0.9941
0.9948
0.9968
0.9841
0.9981
0.9914
0.9941
0.0331
0.0421
0.9903
0.9954
0.9988
0.9859
0.9959
0.9933
0.9964
0.9924
0.9941
0.9959
0.9972
0.9948
0.9968
0.8355
0.7311
0.9903
0.9941
0.9987
0.9959
0.9941
0.9933
0.0331
0.0421
0.9948
0.9964
0.9964
0.9968
0.9933
0.9941
0.9903
0.9924
0.9941
0.9933
0.9964
0.9941
0.0331
0.9933
0.9964
0.9924
0.9975
0.9841
0.9914
0.9972
0.989
0.9941
0.9903
0.9954
0.9903
0.9669
0.9903
0.9954
0.9972
0.9948
0.9941
0.9975
0.9841
0.9985
0.9975
0.989
0.9933
0.9972
0.9876
0.9903
0.9964
0.9876
0.9924
0.9954
0.9948
0.9903
0.9924
0.9954
0.9959
0.977
0.9954
0.9981
0.7773
0.0675
0.9959
0.9914
0.9941
0.9933
0.9975
0.9948
0.9964
0.9924
0.9859
0.9924
0.9972
0.9959
0.9959
0.9948
0.9954
0.9981
0.9669
0.852
0.0421
0.9959
0.9914
0.9985
0.1067
0.9924
0.9972
0.9903
0.9941
0.9876
0.9981
0.8176
0.9954
0.9948
0.9964
0.9978
0.9948
0.0293
0.9859
0.9978
0.9948
0.9914
0.0675
0.9914
0.9903
0.9948
0.9876
0.9933
0.9948
0.9924
0.9985
0.852
0.0421
0.018
0.9954
0.9948
0.9924
0.9841
0.9968
0.9876
0.989
0.9954
0.9959
0.0675
0.9859
0.9948
0.9964
0.9941
0.9841
0.9954
0.9948
0.9964
0.9914
0.9924
0.982
0.989
0.9954
0.9964
0.9968
0.9941
0.9964
0.9924
0.9948
0.9948
0.9968
0.9941
0.026
0.9914
0.9876
0.852
0.9924
0.9968
0.9797
0.9924
0.9241
0.9959
0.9941
0.9941
0.7549
0.8176
0.9985
0.9968
0.9981
0.9903
0.9972
0.9914
0.9903
0.0373
0.9948
0.0373
0.9948
0.9978
0.9903
0.9972
0.989
0.9954
0.9978
0.9959
0.9876
0.9859
0.9978
0.9964
0.0601
0.9983
0.0293
0.977
0.9954
0.9903
0.9924
0.9948
0.9959
0.9948
0.9954
0.9954
0.989
0.9954
0.9954
0.9933
0.9972
0.9526
0.9959
0.9968
0.9954
0.9972
0.9959
0.9959
0.9933
0.9972
0.9983
0.989
0.989
0.9964
0.9924
0.9975
0.9972
0.9975
0.9948
0.9948
0.9968
0.9948
0.9941
0.9933
0.9959
0.9964
0.9903
0.989
0.9954
0.0851
0.9941
0.9707
0.9941
0.9933
0.9941
0.0534
0.9941
0.9933
0.9978
0.9924
0.1067
0.9924
0.9959
0.9941
0.9797
0.9914
0.9981
0.9964
0.9914
0.9924
0.9941
0.0331
0.9241
0.9627
0.7773
0.9941
0.9983
0.9964
0.0293
0.9948
0.9933
0.9924
0.9941
0.9933
0.026
0.9968
0.8176
0.9959
0.9941
0.867
0.9954
0.9933
0.8355
0.9903
0.9941
0.9933
0.0331
0.9968
0.7982
0.9924
0.8176
0.9959
0.9968
0.0474
0.9941
0.9933
0.2018
0.977
0.9903
0.9964
0.9841
0.9964
0.867
0.852
0.0421
0.7982
0.0474
0.867
0.0534
0.9933
0.8933
0.9933
0.9914
0.9972
0.9933
0.9964
0.9876
0.9859
0.9959
0.9924
0.0601
0.0331
0.0759
0.9968
0.1067
0.982
0.9964
0.8176
0.9964
0.9903
0.9964
0.9924
0.9903
0.0373
0.0759
0.9975
0.9968
0.9841
0.0759
0.9968
0.989
0.9933
0.9941
0.9964
0.6792
0.9914
0.9914
0.9964
0.9968
0.9903
0.0421
0.9399
0.9959
0.9968
0.9968
0.9241
0.9579
0.9876
0.9959
0.9859
0.023
0.0601
0.9941
0.9841
0.9954
0.9914
0.9876
0.9933
0.9983
0.9797
0.9975
0.9975
0.989
0.0421
0.977
0.9941
0.9241
0.9959
0.9859
0.9914
0.7311
0.9968
0.9948
0.977
0.9941
0.0759
0.9959
0.9941
0.0953
0.9954
0.9959
0.9964
0.0601
0.0293
0.9968
0.9978
0.7773
0.9972
0.9941
0.9983
0.852
0.0953
0.9903
0.9968
0.9933
0.9914
0.9948
0.0759
0.8355
0.9924
0.989
0.9972
0.7982
0.0851
0.8355
0.9914
0.9959
0.9941
0.9964
0.989
0.8933
0.9948
0.9903
0.9924
0.9924
0.7773
0.0675
0.0675
0.0601
0.7773
0.9975
0.9959
0.9975
0.9924
0.982
0.9954
0.9924
0.9948
0.9959
0.9924
0.9968
0.9859
0.9975
0.9924
0.9975
0.9914
0.0159
0.9975
0.6514
0.9964
0.989
0.9964
0.9948
0.9903
0.9972
0.0759
0.9924
0.9954
0.0474
0.9876
0.9981
0.9972
0.9914
0.852
0.8176
0.9941
0.9933
0.0203
0.9954
0.9959
0.9924
0.9914
0.0421
0.9981
0.9964
0.9964
0.9954
0.0851
0.9933
0.9972
0.989
0.9948
0.7549
0.9669
0.9948
0.0331
0.9933
0.9954
0.9975
0.9948
0.9047
0.9924
0.982
0.982
0.9975
0.9987
0.9941
0.9959
0.9924
0.9941
0.977
0.9941
0.9964
0.9797
0.9914
0.9972
0.9241
0.9948
0.9914
0.982
0.9903
0.9948
0.9968
0.9797
0.0675
0.0601
0.9954
0.9914
0.9964
0.9968
0.852
0.9954
0.867
0.9903
0.9948
0.852
0.9047
0.9241
0.989
0.9964
0.9924
0.9954
0.0474
0.0534
0.9985
0.9968
0.9707
0.9975
0.9914
0.9876
0.9859
0.0203
0.9959
0.9968
0.9964
0.9959
0.9941
0.7773
0.9924
0.0953
0.9914
0.9924
0.9975
0.9978
0.9964
0.9924
0.982
0.9903
0.9948
0.7773
0.0759
0.9972
0.9972
0.0601
0.9859
0.9241
0.9859
0.8355
0.9859
0.6225
0.867
0.1067
0.9972
0.9964
0.9924
0.0534
0.9325
0.8355
0.982
0.0601
0.8355
0.8355
0.7773
0.9241
0.133
0.9959
0.8355
0.867
0.6514
0.7982
0.7058
0.9325
0.8355
0.867
0.7058
0.9797
0.0601
0.0601
0.9047
0.6792
0.9924
0.9948
0.7773
0.9933
0.9924
0.9903
0.0474
0.9959
0.9959
0.9627
0.0534
0.9466
0.0601
0.0331
0.9954
0.6514
0.9047
0.7982
0.9466
0.9325
0.9876
0.7549
0.9149
0.9399
0.852
0.0474
0.8933
0.9466
0.0373
0.9914
0.7982
0.0373
0.9972
0.9241
0.9466
0.9968
0.9959
0.0953
0.0534
0.7773
0.0601
0.0474
0.9047
0.8933
0.9933
0.9047
0.9466
0.0474
0.9627
0.9876
0.0675
0.9964
0.7058
0.8355
0.6792
0.0953
0.9933
0.9981
0.852
0.0601
0.9954
0.9972
0.9933
0.9047
0.867
0.9968
0.9876
0.7773
0.1067
0.9954
0.9707
0.7982
0.0373
0.9983
0.7982
0.852
0.8933
0.6225
0.0759
0.8808
0.7058
0.0474
0.9941
0.0534
0.7982
0.0675
0.8808
0.852
0.9924
0.9941
0.9241
0.8355
0.0675
0.0474
0.9948
0.0534
0.9914
0.9959
0.6792
0.6514
0.0759
0.852
0.8808
0.867
0.9972
0.0759
0.9968
0.7058
0.9933
0.9972
0.7549
0.9968
0.852
0.9241
0.0675
0.9941
0.9149
0.7058
0.8355
0.0534
0.8808
0.8355
0.8808
0.9903
0.9149
0.852
0.0534
0.9149
0.6792
0.6225
0.8933
0.0421
0.9964
0.0675
0.9149
0.133
0.9526
0.9149
0.8355
0.8933
0.6514
0.9924
0.0759
0.5927
0.9047
0.0421
0.0373
0.0759
0.867
0.8933
0.9948
0.9047
0.9399
0.0421
0.9859
0.9941
0.9933
0.0474
0.852
0.7311
0.9399
0.0759
0.8808
0.9959
0.0203
0.9968
0.9526
0.6225
0.0373
0.7058
0.0421
0.0373
0.9669
0.9241
0.7311
0.0474
0.9241
0.9978
0.0421
0.7549
0.0851
0.9972
0.9526
0.6514
0.8808
0.7549
0.9876
0.0675
0.9707
0.9978
0.974
0.9149
0.9968
0.8355
0.8355
0.7549
0.7058
0.1192
0.8808
0.9876
0.7311
0.9941
0.0601
0.7311
0.7549
0.9933
0.0601
0.133
0.8176
0.852
0.867
0.867
0.9047
0.0373
0.9903
0.8808
0.9241
0.9954
0.7773
0.9241
0.9954
0.9914
0.9047
0.8176
0.0331
0.9933
0.7549
0.974
0.9954
0.9876
0.9047
0.6792
0.9914
0.0851
0.9466
0.9526
0.8933
0.852
0.7311
0.9325
0.0759
0.9047
0.9968
0.7982
0.0534
0.8933
0.0421
0.0601
0.0953
0.0601
0.8176
0.0534
0.0421
0.8355
0.0851
0.8808
0.9047
0.9149
0.9964
0.989
0.8933
0.9941
0.9959
0.0953
0.9903
0.9325
0.9948
0.7982
0.9948
0.8933
0.9972
0.9526
0.9149
0.9924
0.9933
0.0534
0.9981
0.0601
0.0474
0.0373
0.8933
0.9948
0.0675
0.0474
0.9933
0.7773
0.8355
0.9149
0.9526
0.9841
0.9325
0.8933
0.018
0.9972
0.9325
0.9526
0.0851
0.852
0.0203
0.989
0.9975
0.6792
0.9903
0.982
0.9954
0.0474
0.8355
0.852
0.9669
0.8933
0.9707
0.8933
0.8355
0.8355
0.9975
0.9933
0.9924
0.9968
0.7982
0.867
0.9149
0.9914
0.8933
0.852
0.9399
0.0534
0.6225
0.8176
0.0373
0.867
0.8808
0.9859
0.9466
0.7311
0.8176
0.977
0.9959
0.9954
0.9981
0.6225
0.8355
0.0601
0.9241
0.0953
0.8355
0.9797
0.9903
0.9954
0.9959
0.0373
0.9975
0.9914
0.867
0.9924
0.0421
0.7058
0.5927
0.9941
0.9975
0.0331
0.8933
0.9047
0.9399
0.867
0.0331
0.1067
0.0601
0.8808
0.9959
0.8808
0.6225
0.852
0.8176
0.982
0.9149
0.9627
0.0601
0.0331
0.9941
0.9047
0.9876
0.974
0.7058
0.9841
0.0675
0.9047
0.9933
0.0534
0.7311
0.9964
0.0331
0.8176
0.9876
0.867
0.9941
0.867
0.0293
0.9954
0.0331
0.0759
0.0421
0.8176
0.0675
0.9954
0.989
0.9933
0.0534
0.7773
0.1192
0.1824
0.7773
0.9914
0.852
0.0373
0.9047
0.018
0.852
0.8933
0.0534
0.0474
0.8176
0.9399
0.9241
0.9941
0.0421
0.0373
0.7773
0.9972
0.7549
0.9933
0.7982
0.0759
0.0331
0.7058
0.9964
0.9914
0.8933
0.9241
0.9707
0.8355
0.1067
0.9924
0.9149
0.9968
0.1645
0.9047
0.8808
0.9669
0.0203
0.7058
0.0851
0.9797
0.9954
0.7773
0.9968
0.6514
0.9924
0.9669
0.0675
0.8933
0.0534
0.0373
0.9876
0.148
0.9876
0.7773
0.0675
0.6792
0.9841
0.9964
0.0953
0.8933
0.7549
0.9941
0.0421
0.9914
0.9579
0.867
0.9968
0.852
0.8176
0.0534
0.0373
0.8808
0.0851
0.0421
0.0474
0.9941
0.8808
0.9968
0.0331
0.9325
0.1645
0.9948
0.9924
0.7982
0.9707
0.9859
0.9959
0.7549
0.0474
0.9948
0.0474
0.7982
0.9933
0.9983
0.9797
0.0601
0.8808
0.8933
0.9941
0.0601
0.9914
0.9876
0.0474
0.0293
0.9959
0.852
0.9981
0.7773
0.9325
0.867
0.8808
0.026
0.9941
0.867
0.148
0.9948
0.0675
0.9941
0.9859
0.0675
0.867
0.9876
0.9959
0.9047
0.018
0.9933
0.7982
0.852
0.9466
0.0331
0.7311
0.0293
0.7549
0.0601
0.8933
0.9964
0.0534
0.0851
0.7311
0.9948
0.867
0.0534
0.0851
0.9978
0.9841
0.0421
0.9954
0.7982
0.0373
0.9964
0.9964
0.989
0.0759
0.7773
0.0474
0.8176
0.8808
0.9948
0.8933
0.9047
0.7982
0.0851
0.9149
0.9876
0.0759
0.0601
0.9047
0.6792
0.9149
0.7982
0.0675
0.977
0.7058
0.8808
0.0373
0.9466
0.7549
0.1192
0.8355
0.9149
0.9959
0.0759
0.0373
0.0474
0.0675
0.7773
0.8933
0.0534
0.6792
0.8355
0.8933
0.0675
0.8355
0.0534
0.7058
0.977
0.9954
0.867
0.0421
0.7058
0.9149
0.7773
0.8355
0.867
0.0373
0.7982
0.9972
0.0953
0.982
0.9325
0.8176
0.9579
0.7982
0.867
0.023
0.9399
0.9241
0.0851
0.9047
0.0851
0.9964
0.989
0.8808
0.0203
0.867
0.8355
0.0534
0.0373
0.7982
0.0675
0.982
0.0759
0.7058
0.8933
0.9954
0.8176
0.9978
0.0293
0.7549
0.7549
0.8808
0.9149
0.9941
0.8176
0.0759
0.9954
0.9964
0.9975
0.7773
0.8176
0.8808
0.9968
0.867
0.989
0.1067
0.9241
0.7982
0.0331
0.9241
0.9914
0.9627
0.9149
0.9047
0.9954
0.0675
0.989
0.0373
0.9526
0.8808
0.8808
0.0421
0.9972
0.7982
0.0373
0.9954
0.9959
0.0331
0.7982
0.0534
0.9924
0.8808
0.9149
0.9903
0.7058
0.9797
0.0601
0.0373
0.9149
0.8933
0.0331
0.7311
0.9975
0.7549
0.9914
0.9968
0.9859
0.867
0.0421
0.9399
0.0474
0.9903
0.852
0.9968
0.7311
0.9579
0.7549
0.9933
0.9959
0.0421
0.0759
0.989
0.0373
0.7058
0.0534
0.9149
0.0474
0.8808
0.8176
0.867
0.9526
0.9941
0.9241
0.9859
0.8355
0.0675
0.023
0.9941
0.7773
0.8176
0.6792
0.852
0.9924
0.8176
0.0331
0.9841
0.9924
0.0675
0.867
0.7058
0.9241
0.9914
0.8808
0.7773
0.0474
0.0421
0.0759
0.9325
0.867
0.0474
0.9948
0.9876
0.7982
0.9876
0.1192
0.9841
0.9325
0.0675
0.0759
0.7982
0.9876
0.8808
0.9948
0.9149
0.0373
0.0675
0.9959
0.0601
0.0601
0.7549
0.8808
0.9968
0.7982
0.9047
0.9959
0.9924
0.9941
0.9933
0.8176
0.8808
0.7982
0.0474
0.7982
0.7311
0.989
0.9399
0.852
0.7311
0.0601
0.0675
0.0293
0.7773
0.7773
0.9241
0.9941
0.9797
0.7058
0.8176
0.8355
0.0373
0.1824
0.9914
0.8355
0.9981
0.0421
0.9903
0.8355
0.982
0.9914
0.9968
0.9325
0.9399
0.0421
0.0851
0.7773
0.8808
0.9964
0.9914
0.9914
0.9948
0.852
0.026
0.982
0.7549
0.989
0.9149
0.8933
0.0601
0.8808
0.0675
0.9933
0.0331
0.9047
0.7773
0.9876
0.8176
0.9466
0.9978
0.9149
0.8176
0.8355
0.9797
0.9948
0.8355
0.9978
0.9579
0.9859
0.0759
0.0421
0.7982
0.9964

Accuracy: 100.00%
