1
2
0.9149
0.9797
0.982
0.9579
0.9627
0.977
0.977
0.982
0.9707
0.9627
0.977
0.982
0.9579
0.974
0.9797
0.9797
0.9797
0.977
0.982
0.9707
0.9707
0.9466
0.9797
0.9797
0.974
0.9841
0.9627
0.974
0.974
0.9841
0.9707
0.974
0.974
0.974
0.9669
0.9579
0.9707
0.9707
0.982
0.2942
0.9797
0.3208
0.977
0.982
0.974
0.974
0.9579
0.9579
0.9627
0.9669
0.9707
0.9707
0.9627
0.9797
0.977
0.9627
0.9669
0.974
0.977
0.9707
0.9669
0.974
0.9707
0.9669
0.974
0.974
0.974
0.9707
0.9579
0.148
0.9707
0.9579
0.9579
0.9707
0.974
0.974
0.974
0.9669
0.9797
0.977
0.974
0.9841
0.974
0.9797
0.974
0.977
0.982
0.974
0.9627
0.974
0.9669
0.977
0.9707
0.9797
0.977
0.974
0.9707
0.9579
0.9669
0.9579
0.9797
0.9579
0.9669
0.977
0.977
0.9627
0.977
0.9707
0.9841
0.9797
0.9627
0.982
0.977
0.9707
0.9669
0.9841
0.9579
0.9669
0.9526
0.9669
0.9797
0.3486
0.9579
0.9627
0.9579
0.977
0.977
0.9669
0.9797
0.974
0.9627
0.9669
0.9797
0.9627
0.9797
0.9797
0.9627
0.9627
0.9579
0.9707
0.9669
0.9797
0.977
0.1192
0.9627
0.9797
0.9797
0.974
0.2018
0.9707
0.982
0.9579
0.974
0.9526
0.9669
0.9707
0.9579
0.9526
0.9526
0.9669
0.9466
0.9627
0.9707
0.9526
0.9669
0.9526
0.9669
0.9627
0.974
0.9526
0.974
0.9669
0.977
0.977
0.9841
0.974
0.9707
0.977
0.9669
0.9669
0.974
0.9797
0.977
0.977
0.9707
0.9797
0.9797
0.974
0.9841
0.9627
0.9707
0.9627
0.9579
0.977
0.977
0.148
0.9797
0.9707
0.9797
0.9707
0.974
0.982
0.9579
0.9797
0.2689
0.9797
0.9579
0.9797
0.982
0.9707
0.977
0.9841
0.9627
0.9669
0.974
0.1645
0.9669
0.9669
0.9669
0.9627
0.2018
0.974
0.974
0.9627
0.974
0.9841
0.9627
0.977
0.9859
0.9669
0.9707
0.9627
0.9707
0.9627
0.977
0.9669
0.974
0.982
0.9669
0.9707
0.9627
0.977
0.9669
0.9627
0.9797
0.982
0.9797
0.9579
0.9579
0.9707
0.9797
0.977
0.9627
0.974
0.9707
0.982
0.9526
0.9797
0.9707
0.9669
0.977
0.9669
0.2689
0.9707
0.9707
0.9707
0.9841
0.9841
0.9579
0.9526
0.9526
0.974
0.9707
0.9669
0.9627
0.9707
0.9707
0.977
0.9707
0.974
0.2227
0.982
0.9627
0.9579
0.9707
0.9841
0.9669
0.9797
0.9669
0.9627
0.977
0.9627
0.9841
0.9399
0.982
0.9669
0.9669
0.9797
0.974
0.977
0.9627
0.9669
0.982
0.9707
0.9627
0.977
0.977
0.9627
0.9669
0.9707
0.977
0.977
0.977
0.977
0.9797
0.9627
0.982
0.977
0.9526
0.974
0.9669
0.974
0.977
0.982
0.982
0.9841
0.974
0.9707
0.9669
0.9579
0.974
0.974
0.1067
0.977
0.9707
0.974
0.974
0.9841
0.977
0.9669
0.9707
0.974
0.982
0.9797
0.977
0.974
0.9526
0.974
0.974
0.9579
0.977
0.982
0.977
0.9627
0.977
0.9797
0.9466
0.9797
0.9707
0.9579
0.977
0.974
0.9669
0.9707
0.974
0.9707
0.9707
0.2018
0.9526
0.974
0.977
0.9707
0.9797
0.9669
0.9707
0.9841
0.3775
0.977
0.9841
0.977
0.9669
0.982
0.982
0.982
0.977
0.974
0.9859
0.982
0.974
0.982
0.974
0.974
0.9669
0.9707
0.974
0.974
0.9627
0.2227
0.9669
0.9669
0.9707
0.9707
0.9526
0.9669
0.2018
0.9797
0.9707
0.1067
0.9707
0.9707
0.9669
0.974
0.9707
0.977
0.977
0.974
0.9047
0.974
0.9669
0.974
0.974
0.9797
0.977
0.9669
0.974
0.3208
0.9707
0.974
0.9707
0.9707
0.974
0.977
0.9579
0.9707
0.9707
0.3486
0.982
0.9579
0.9627
0.9797
0.974
0.9669
0.9526
0.9466
0.9627
0.982
0.9669
0.977
0.9627
0.974
0.2018
0.9669
0.9627
0.9669
0.9841
0.982
0.974
0.9797
0.9526
0.982
0.977
0.9859
0.9707
0.982
0.9669
0.9707
0.9797
0.9797
0.9797
0.9669
0.977
0.9669
0.977
0.9526
0.9707
0.9669
0.9707
0.9669
0.9526
0.9466
0.974
0.9526
0.977
0.9797
0.9627
0.9797
0.977
0.974
0.977
0.9627
0.9579
0.9841
0.9707
0.9841
0.982
0.977
0.977
0.977
0.9669
0.982
0.974
0.9797
0.974
0.9669
0.977
0.9707
0.9797
0.9797
0.974
0.9526
0.1645
0.9627
0.9627
0.982
0.9627
0.9399
0.9627
0.9627
0.1192
0.982
0.974
0.9579
0.9707
0.982
0.974
0.9841
0.9627
0.974
0.9669
0.974
0.9627
0.148
0.9669
0.9707
0.977
0.9627
0.9466
0.982
0.9707
0.9579
0.977
0.9579
0.9707
0.9797
0.974
0.977
0.9627
0.974
0.9841
0.982
0.974
0.974
0.977
0.9707
0.9797
0.9669
0.9669
0.9707
0.9797
0.3775
0.9579
0.9669
0.9627
0.9707
0.9526
0.9707
0.9859
0.977
0.9707
0.9579
0.9466
0.9669
0.974
0.9841
0.974
0.9797
0.9627
0.9669
0.974
0.9466
0.9669
0.974
0.9707
0.977
0.977
0.982
0.9707
0.977
0.9707
0.974
0.9579
0.9526
0.9797
0.977
0.977
0.977
0.9669
0.982
0.9627
0.977
0.1645
0.9797
0.9707
0.9466
0.9466
0.9841
0.974
0.9707
0.9399
0.9797
0.977
0.977
0.9466
0.9627
0.9627
0.9669
0.982
0.982
0.974
0.977
0.9707
0.9669
0.9669
0.9669
0.9669
0.9841
0.9579
0.9526
0.9579
0.9579
0.9466
0.9707
0.974
0.977
0.9579
0.977
0.977
0.9526
0.9797
0.9669
0.9627
0.9797
0.977
0.974
0.9797
0.9526
0.9627
0.9841
0.974
0.9526
0.977
0.9669
0.977
0.9797
0.977
0.977
0.9526
0.9669
0.974
0.982
0.9669
0.1192
0.9627
0.974
0.3486
0.9707
0.9797
0.9579
0.974
0.8808
0.9526
0.977
0.974
0.9526
0.9707
0.974
0.9669
0.9707
0.9859
0.9669
0.9707
0.974
0.9707
0.9859
0.977
0.982
0.9669
0.974
0.9669
0.9579
0.9579
0.9669
0.9466
0.9669
0.9797
0.9526
0.9669
0.9579
0.974
0.9797
0.9797
0.9797
0.9707
0.9627
0.9707
0.977
0.9579
0.9669
0.9797
0.974
0.974
0.9841
0.9466
0.974
0.9466
0.974
0.977
0.9707
0.977
0.9579
0.9627
0.9627
0.9627
0.9627
0.982
0.9627
0.9627
0.9627
0.977
0.9669
0.974
0.9669
0.9669
0.974
0.9627
0.977
0.974
0.9841
0.977
0.974
0.9669
0.9707
0.9627
0.9707
0.982
0.1645
0.9526
0.974
0.974
0.9526
0.9669
0.9669
0.977
0.1067
0.977
0.977
0.974
0.9707
0.9669
0.974
0.9669
0.9579
0.974
0.2018
0.3208
0.9627
0.9579
0.977
0.977
0.974
0.9707
0.9797
0.9841
0.977
0.9466
0.1192
0.974
0.974
0.9707
0.974
0.9669
0.977
0.977
0.9627
0.9707
0.9579
0.9466
0.9526
0.9579
0.9669
0.9797
0.9707
0.9669
0.9707
0.977
0.9841
0.9707
0.977
0.9627
0.982
0.977
0.9669
0.977
0.9579
0.9707
0.9669
0.974
0.982
0.9797
0.9579
0.9579
0.982
0.982
0.9526
0.977
0.9669
0.9797
0.9841
0.982
0.977
0.977
0.977
0.9841
0.974
0.9627
0.982
0.9707
0.9579
0.2018
0.977
0.9669
0.9669
0.9669
0.9669
0.974
0.9797
0.982
0.974
0.974
0.9669
0.9841
0.9526
0.9669
0.9797
0.974
0.9627
0.974
0.982
0.9707
0.982
0.3486
0.9399
0.9841
0.977
0.9797
0.977
0.9149
0.9669
0.977
0.974
0.9707
0.2689
0.9841
0.9707
0.974
0.974
0.9627
0.9841
0.9669
0.9841
0.9627
0.9669
0.9526
0.9797
0.9669
0.9579
0.9797
0.9707
0.9797
0.9627
0.9859
0.977
0.9841
0.9627
0.974
0.1824
0.9627
0.9707
0.9579
0.9707
0.9797
0.982
0.9669
0.9669
0.9669
0.9797
0.9579
0.9707
0.9841
0.9707
0.9797
0.3775
0.974
0.9707
0.977
0.3208
0.3208
0.1824
0.1192
0.9466
0.9669
0.3208
0.9707
0.9325
0.9627
0.2227
0.9707
0.974
0.974
0.982
0.977
0.133
0.9579
0.9797
0.977
0.1645
0.974
0.9669
0.3775
0.3208
0.974
0.9797
0.9669
0.148
0.977
0.9859
0.9797
0.9669
0.1192
0.1645
0.974
0.9669
0.4688
0.9669
0.9627
0.9707
0.9047
0.9526
0.977
0.9627
0.974
0.9669
0.9707
0.1067
0.9669
0.974
0.9707
0.974
0.974
0.148
0.9707
0.982
0.9707
0.9579
0.9669
0.9707
0.982
0.9707
0.3486
0.9707
0.9797
0.3486
0.974
0.9579
0.977
0.9627
0.133
0.977
0.9627
0.9627
0.974
0.9707
0.974
0.9797
0.9669
0.3775
0.9797
0.9466
0.9707
0.977
0.2942
0.2689
0.9325
0.9797
0.982
0.4073
0.982
0.9669
0.2018
0.148
0.4378
0.9627
0.977
0.974
0.2018
0.2689
0.2689
0.9797
0.9627
0.1824
0.1192
0.9627
0.1645
0.9669
0.9627
0.974
0.2018
0.148
0.974
0.9466
0.1645
0.2018
0.9797
0.4073
0.974
0.9526
0.3775
0.3208
0.977
0.9707
0.9627
0.9707
0.9466
0.2018
0.3486
0.9149
0.1192
0.3775
0.3775
0.9797
0.148
0.1645
0.4378
0.974
0.9797
0.974
0.982
0.148
0.9797
0.9797
0.982
0.2451
0.3208
0.974
0.974
0.3486
0.9669
0.977
0.9627
0.9707
0.9669
0.9466
0.9526
0.9579
0.2942
0.9669
0.852
0.9579
0.2689
0.974
0.982
0.9669
0.9707
0.982
0.3775
0.974
0.9627
0.977
0.9859
0.9579
0.3775
0.974
0.9669
0.9526
0.977
0.982
0.9579
0.148
0.982
0.9707
0.148
0.4073
0.9241
0.9627
0.974
0.977
0.9669
0.9627
0.9669
0.1645
0.9797
0.867
0.9797
0.982
0.1645
0.974
0.9669
0.982
0.9841
0.9707
0.977
0.1067
0.8808
0.982
0.9627
0.977
0.9669
0.3486
0.977
0.977
0.1824
0.9707
0.9669
0.9579
0.1824
0.9707
0.977
0.974
0.9797
0.4378
0.9797
0.9707
0.9579
0.9707
0.3775
0.2689
0.3486
0.1645
0.9627
0.9707
0.974
0.977
0.2227
0.9707
0.1192
0.9579
0.9579
0.9241
0.9627
0.9669
0.974
0.982
0.9797
0.9627
0.2451
0.9627
0.974
0.9797
0.9669
0.1645
0.9526
0.9627
0.9627
0.148
0.974
0.9707
0.9707
0.9325
0.1645
0.9841
0.9707
0.2018
0.982
0.977
0.3486
0.9707
0.977
0.3208
0.977
0.977
0.9797
0.9669
0.4073
0.3775
0.2227
0.974
0.148
0.982
0.9579
0.3486
0.9669
0.9707
0.977
0.9797
0.9797
0.9707
0.4378
0.9627
0.977
0.9669
0.982
0.133
0.9579
0.1645
0.9797
0.2227
0.4073
0.977
0.9669
0.2018
0.9627
0.9669
0.1645
0.982
0.982
0.9797
0.977
0.9707
0.2689
0.982
0.9669
0.148
0.4688
0.2689
0.9707
0.9526
0.9627
0.2227
0.9841
0.4688
0.2451
0.9399
0.2227
0.9669
0.3208
0.2018
0.4073
0.2227
0.9707
0.9707
0.4073
0.982
0.9707
0.9707
0.9627
0.3775
0.1824
0.3486
0.977
0.9707
0.9841
0.9707
0.4073
0.9579
0.3775
0.9707
0.2018
0.9669
0.977
0.148
0.9797
0.148
0.9707
0.974
0.1645
0.974
0.8933
0.1067
0.9797
0.977
0.977
0.148
0.148
0.9627
0.2018
0.9627
0.9707
0.2451
0.982
0.2018
0.9669
0.148
0.3486
0.9707
0.974
0.1067
0.8808
0.9797
0.9707
0.9707
0.9579
0.3775
0.9797
0.4688
0.1824
0.982
0.9466
0.974
0.982
0.977
0.2942
0.2689
0.2689
0.977
0.974
0.9669
0.148
0.4378
0.9707
0.9669
0.1645
0.9669
0.1192
0.9707
0.9627
0.2227
0.1645
0.9707
0.974
0.977
0.1645
0.9707
0.977
0.9707
0.9047
0.977
0.4073
0.9627
0.4378
0.1645
0.1645
0.9797
0.9669
0.9707
0.9797
0.1192
0.2018
0.9325
0.9627
0.974
0.9627
0.9579
0.982
0.9241
0.9669
0.2018
0.9797
0.1192
0.9627
0.982
0.2689
0.1645
0.977
0.3775
0.4073
0.1645
0.974
0.9797
0.974
0.148
0.1645
0.2942
0.133
0.9707
0.9707
0.9627
0.9627
0.4073
0.9466
0.852
0.9399
0.3775
0.974
0.2018
0.1645
0.9797
0.3486
0.3486
0.3775
0.2018
0.9797
0.9579
0.9841
0.977
0.9797
0.974
0.2018
0.9241
0.9669
0.4378
0.9707
0.2018
0.2227
0.9579
0.974
0.9526
0.977
0.977
0.9627
0.2227
0.977
0.1192
0.9399
0.9526
0.9841
0.1645
0.3486
0.977
0.3208
0.974
0.9841
0.9627
0.1645
0.3775
0.3208
0.9466
0.3208
0.148
0.9797
0.2018
0.974
0.974
0.9669
0.3775
0.974
0.974
0.4073
0.982
0.9707
0.9797
0.9669
0.982
0.9841
0.3486
0.9797
0.2018
0.974
0.9707
0.4688
0.9707
0.1192
0.4378
0.977
0.9526
0.4073
0.1192
0.2451
0.3208
0.977
0.9669
0.4688
0.1645
0.9707
0.977
0.9579
0.9707
0.4378
0.9707
0.9707
0.9627
0.3486
0.1645
0.9579
0.9627
0.148
0.9707
0.974
0.9707
0.3208
0.1645
0.867
0.9797
0.982
0.9669
0.9707
0.9841
0.9669
0.974
0.9627
0.9627
0.148
0.8933
0.4378
0.9797
0.9526
0.9707
0.9149
0.1192
0.9669
0.974
0.974
0.4378
0.9707
0.9797
0.9707
0.977
0.974
0.9669
0.974
0.2227
0.1645
0.148
0.974
0.974
0.974
0.9707
0.9797
0.977
0.9669
0.9526
0.9579
0.4073
0.9579
0.977
0.2227
0.1192
0.9627
0.3208
0.977
0.9707
0.9669
0.982
0.9797
0.3208
0.4073
0.2227
0.977
0.2942
0.977
0.1645
0.2227
0.9627
0.3486
0.1645
0.3775
0.2018
0.2227
0.9325
0.3486
0.974
0.974
0.2227
0.2018
0.1645
0.4378
0.974
0.9859
0.974
0.3775
0.4378
0.974
0.2227
0.9669
0.2689
0.974
0.9669
0.4378
0.974
0.982
0.3486
0.1645
0.148
0.3486
0.9707
0.977
0.1645
0.982
0.1067
0.9797
0.9627
0.9707
0.4378
0.974
0.9707
0.1645
0.9797
0.9707
0.1824
0.974
0.9669
0.982
0.9707
0.148
0.9797
0.9797
0.1645
0.1645
0.2018
0.977
0.9579
0.974
0.148
0.9707
0.9707
0.2018
0.974
0.974
0.9669
0.3486
0.974
0.9841
0.9241
0.9797
0.2942
0.974
0.2018
0.9707
0.977
0.9627
0.9669
0.1645
0.2227
0.977
0.3208
0.9841
0.974
0.2227
0.9707
0.3486
0.974
0.9707
0.9707
0.974
0.1192
0.2018
0.9669
0.982
0.2227
0.3486
0.9707
0.9627
0.4378
0.148
0.2018
0.977
0.9707
0.9149
0.4073
0.9669
0.9669
0.9707
0.1645
0.2227
0.2018
0.2018
0.148
0.9841
0.9859
0.974
0.9797
0.2227
0.2451
0.1192
0.4073
0.9707
0.9579
0.9627
0.9669
0.974
0.4688
0.133
0.9707
0.9579
0.1067
0.9797
0.3486
0.4378
0.982
0.9797
0.9797
0.9669
0.9797
0.2018
0.9579
0.4688
0.3208
0.9627
0.9627
0.9669
0.1192
0.974
0.1645
0.974
0.1645
0.9669
0.974
0.2018
0.9627
0.9669
0.4073
0.3775
0.982
0.977
0.3486
0.9627
0.9627
0.982
0.974
0.9707
0.133
0.3486
0.977
0.4688
0.5
0.977
0.3486
0.3486
0.9325
0.982
0.9669
0.9047
0.3486
0.9669
0.1645
0.9526
0.8933
0.974
0.4073
0.3775
0.9797
0.9669
0.2018
0.3775
0.9797
0.3775
0.148
0.1192
0.977
0.867
0.9707
0.3208
0.9669
0.977
0.977
0.974
0.9797
0.9707
0.1192
0.4073
0.977
0.9399
0.2689
0.3486
0.977
0.148
0.133
0.4073
0.2227
0.2018
0.1067
0.2018
0.9669
0.9669
0.148
0.1645
0.9669
0.974
0.9797
0.977
0.974
0.3486
0.9627
0.1645
0.3775
0.2018
0.9797
0.3486
0.9669
0.9797
0.9707
0.1192
0.9707
0.974
0.148
0.977
0.9466
0.982
0.1645
0.2227
0.977
0.4073
0.9627
0.9707
0.3775
0.1067
0.9707
0.9627
0.982
0.9707
0.4378
0.9579
0.1824
0.3486
0.9797
0.974
0.9707
0.2018
0.9841
0.148
0.9797
0.977
0.9707
0.8933
0.9526
0.1824
0.9627
0.8933
0.9707
0.3775
0.9707
0.1192
0.1192
0.3775
0.9669
0.4073
0.1645
0.9627
0.977
0.2018
0.1645
0.9707
0.9241
0.9707
0.9669
0.1645
0.977
0.3486
0.974
0.9627
0.3486
0.4073
0.2451
0.4378
0.974
0.3486
0.3775
0.9627
0.4073
0.974
0.1645
0.9627
0.4688
0.974
0.2018
0.2227
0.4073
0.3208
0.9627
0.148
0.9707
0.982
0.9707
0.977
0.9627
0.977
0.2227
0.9707
0.977
0.9627
0.1067
0.3486
0.2227
0.9579
0.9627
0.9579
0.9707
0.9797
0.3775
0.2227
0.977
0.9841
0.2689
0.3775
0.2689
0.9669
0.9627
0.974
0.974
0.9707
0.3775
0.9669
0.9669
0.974
0.1192
0.977
0.9797
0.9579
0.4688
0.3775
0.9797
0.9797
0.1645
0.9627
0.9579
0.3208
0.1645
0.2227
0.9841
0.9669
0.4378
0.9669
0.148
0.9707
0.9669
0.9627
0.1645
0.4378
0.977
0.1067
0.9627
0.1192
0.9047
0.3486
0.1645
0.3775
0.9797
0.4688
0.1067
0.9579
0.1192
0.4688
0.974
0.133
0.4073
0.974
0.9579
0.9669
0.9707
0.3775
0.974
0.148
0.982
0.4688
0.9707
0.148
0.9707
0.974
0.9627
0.3208
0.1824
0.3486
0.3775
0.8933
0.9579
0.9797
0.4378
0.4073
0.3775
0.977
0.974
0.9707
0.9627
0.9797
0.4378
0.2942
0.1067
0.148
0.4378
0.3775
0.148
0.9797
0.1645
0.9669
0.977
0.9627
0.3486
0.3208
0.1645
0.977
0.9669
0.9707
0.3208
0.3208
0.148
0.9707
0.148
0.1192
0.1645
0.4378
0.974
0.4073
0.9707
0.8933
0.9669
0.1645
0.4378
0.3775
0.4073
0.974
0.3486
0.974
0.982
0.2451
0.9627
0.2018
0.3208
0.9627
0.4378
0.9797
0.974
0.3775
0.3208
0.4073
0.2018
0.4378
0.9669
0.9579
0.9707
0.9669
0.9797
0.3208
0.3486
0.4688
0.9579
0.3775
0.1824
0.2018
0.982
0.1645
0.148
0.1192
0.9707
0.9797
0.9859
0.9669
0.9797
0.3208
0.4073
0.982
0.9669
0.1192
0.1824
0.977
0.9399
0.9707
0.4073
0.1645
0.4073
0.9797
0.2942
0.9627
0.3775
0.982
0.3486
0.4378
0.4073
0.9797
0.1645
0.9669
0.9579
0.974
0.9579
0.1067
0.4378
0.974
0.3208
0.148
0.3775
0.3486
0.9669
0.9627
0.977
0.9797
0.9707
0.1824
0.977
0.4378
0.974
0.3486
0.4378
0.3486
0.977
0.4378
0.977
0.4073
0.148
0.4378
0.3208
0.4378
0.1192
0.9669
0.9627
0.974
0.982
0.9627
0.1645
0.148
0.4073
0.9707
0.4073
0.977
0.977
0.9669
0.977
0.9579
0.2227
0.9047
0.1824
0.982
0.974
0.1824
0.4378
0.9707
0.2942
0.3775
0.4073
0.4073
0.4073
0.3208
0.982
0.148
0.3486
0.2018
0.4073
0.982
0.9047
0.3775
0.9707
0.977
0.977
0.4073
0.3486
0.4378
0.9627
0.3486

Accuracy: 100.00%
